yarn run v1.22.22
$ storybook build --output-dir C:\Users\NOMADI~1\AppData\Local\Temp\chromatic--18764-jZKMAo5fSjk8
@storybook/cli v7.6.17

info => Cleaning outputDir: C:\Users\NOMADI~1\AppData\Local\Temp\chromatic--18764-jZKMAo5fSjk8
info => Loading presets
info => Building manager..
info => Manager built (193 ms)
info => Building preview..
info => Copying static files: C:\Users\Nomadian 1\IdeaProjects\nomadian\testProjects\taskbox\node_modules\@storybook\manager\static at C:\Users\NOMADI~1\AppData\Local\Temp\chromatic--18764-jZKMAo5fSjk8\sb-common-assets
info => Copying static files: C:\Users\Nomadian 1\IdeaProjects\nomadian\testProjects\taskbox\public at C:\Users\NOMADI~1\AppData\Local\Temp\chromatic--18764-jZKMAo5fSjk8\
[36mvite v4.5.1 [32mbuilding for production...[36m[39m
transforming...
[32m✓[39m 839 modules transformed.
rendering chunks...
computing gzip size...
[2m../../../../../NOMADI~1/AppData/Local/Temp/chromatic--18764-jZKMAo5fSjk8/[22m[32miframe.html                                    [39m[1m[2m 12.61 kB[22m[1m[22m[2m │ gzip:   3.58 kB[22m
[2m../../../../../NOMADI~1/AppData/Local/Temp/chromatic--18764-jZKMAo5fSjk8/[22m[32massets/percolate-dac75269.ttf                  [39m[1m[2m 34.04 kB[22m[1m[22m
[2m../../../../../NOMADI~1/AppData/Local/Temp/chromatic--18764-jZKMAo5fSjk8/[22m[32massets/percolate-ec979d96.woff                 [39m[1m[2m 34.11 kB[22m[1m[22m
[2m../../../../../NOMADI~1/AppData/Local/Temp/chromatic--18764-jZKMAo5fSjk8/[22m[32massets/percolate-5ed633c2.eot                  [39m[1m[2m 34.21 kB[22m[1m[22m
[2m../../../../../NOMADI~1/AppData/Local/Temp/chromatic--18764-jZKMAo5fSjk8/[22m[32massets/percolate-d13fa91b.svg                  [39m[1m[2m140.51 kB[22m[1m[22m[2m │ gzip:  47.50 kB[22m
[2m../../../../../NOMADI~1/AppData/Local/Temp/chromatic--18764-jZKMAo5fSjk8/[22m[35massets/preview-4f244d89.css                    [39m[1m[2m  6.87 kB[22m[1m[22m[2m │ gzip:   2.06 kB[22m
[2m../../../../../NOMADI~1/AppData/Local/Temp/chromatic--18764-jZKMAo5fSjk8/[22m[36massets/_commonjs-dynamic-modules-302442b1.js   [39m[1m[2m  0.24 kB[22m[1m[22m[2m │ gzip:   0.19 kB[22m
[2m../../../../../NOMADI~1/AppData/Local/Temp/chromatic--18764-jZKMAo5fSjk8/[22m[36massets/WithTooltip-V3YHNWJZ-97b18ad8.js        [39m[1m[2m  0.44 kB[22m[1m[22m[2m │ gzip:   0.27 kB[22m
[2m../../../../../NOMADI~1/AppData/Local/Temp/chromatic--18764-jZKMAo5fSjk8/[22m[36massets/syntaxhighlighter-B5GMVT5T-29d5dc24.js  [39m[1m[2m  0.45 kB[22m[1m[22m[2m │ gzip:   0.29 kB[22m
[2m../../../../../NOMADI~1/AppData/Local/Temp/chromatic--18764-jZKMAo5fSjk8/[22m[36massets/preview-5b425918.js                     [39m[1m[2m  0.51 kB[22m[1m[22m[2m │ gzip:   0.33 kB[22m
[2m../../../../../NOMADI~1/AppData/Local/Temp/chromatic--18764-jZKMAo5fSjk8/[22m[36massets/index-3fd0d1ea.js                       [39m[1m[2m  0.58 kB[22m[1m[22m[2m │ gzip:   0.35 kB[22m
[2m../../../../../NOMADI~1/AppData/Local/Temp/chromatic--18764-jZKMAo5fSjk8/[22m[36massets/preview-73104b77.js                     [39m[1m[2m  0.64 kB[22m[1m[22m[2m │ gzip:   0.44 kB[22m
[2m../../../../../NOMADI~1/AppData/Local/Temp/chromatic--18764-jZKMAo5fSjk8/[22m[36massets/_commonjsHelpers-de833af9.js            [39m[1m[2m  0.69 kB[22m[1m[22m[2m │ gzip:   0.38 kB[22m
[2m../../../../../NOMADI~1/AppData/Local/Temp/chromatic--18764-jZKMAo5fSjk8/[22m[36massets/index-356e4a49.js                       [39m[1m[2m  0.77 kB[22m[1m[22m[2m │ gzip:   0.47 kB[22m
[2m../../../../../NOMADI~1/AppData/Local/Temp/chromatic--18764-jZKMAo5fSjk8/[22m[36massets/index-8d47fad6.js                       [39m[1m[2m  0.80 kB[22m[1m[22m[2m │ gzip:   0.52 kB[22m
[2m../../../../../NOMADI~1/AppData/Local/Temp/chromatic--18764-jZKMAo5fSjk8/[22m[36massets/preview-0ef86afd.js                     [39m[1m[2m  0.86 kB[22m[1m[22m[2m │ gzip:   0.55 kB[22m
[2m../../../../../NOMADI~1/AppData/Local/Temp/chromatic--18764-jZKMAo5fSjk8/[22m[36massets/preview-485a8e98.js                     [39m[1m[2m  1.04 kB[22m[1m[22m[2m │ gzip:   0.67 kB[22m
[2m../../../../../NOMADI~1/AppData/Local/Temp/chromatic--18764-jZKMAo5fSjk8/[22m[36massets/entry-preview-fb6629d6.js               [39m[1m[2m  1.12 kB[22m[1m[22m[2m │ gzip:   0.66 kB[22m
[2m../../../../../NOMADI~1/AppData/Local/Temp/chromatic--18764-jZKMAo5fSjk8/[22m[36massets/index-11d98b33.js                       [39m[1m[2m  2.59 kB[22m[1m[22m[2m │ gzip:   1.26 kB[22m
[2m../../../../../NOMADI~1/AppData/Local/Temp/chromatic--18764-jZKMAo5fSjk8/[22m[36massets/preview-30b54f76.js                     [39m[1m[2m  3.21 kB[22m[1m[22m[2m │ gzip:   1.37 kB[22m
[2m../../../../../NOMADI~1/AppData/Local/Temp/chromatic--18764-jZKMAo5fSjk8/[22m[36massets/Task.stories-cd71f1f7.js                [39m[1m[2m  3.66 kB[22m[1m[22m[2m │ gzip:   1.54 kB[22m
[2m../../../../../NOMADI~1/AppData/Local/Temp/chromatic--18764-jZKMAo5fSjk8/[22m[36massets/iframe-f9f53da9.js                      [39m[1m[2m  4.64 kB[22m[1m[22m[2m │ gzip:   1.66 kB[22m
[2m../../../../../NOMADI~1/AppData/Local/Temp/chromatic--18764-jZKMAo5fSjk8/[22m[36massets/preview-d01b88e8.js                     [39m[1m[2m  5.23 kB[22m[1m[22m[2m │ gzip:   2.39 kB[22m
[2m../../../../../NOMADI~1/AppData/Local/Temp/chromatic--18764-jZKMAo5fSjk8/[22m[36massets/index-76fb7be0.js                       [39m[1m[2m  7.16 kB[22m[1m[22m[2m │ gzip:   2.91 kB[22m
[2m../../../../../NOMADI~1/AppData/Local/Temp/chromatic--18764-jZKMAo5fSjk8/[22m[36massets/preview-da31036b.js                     [39m[1m[2m  7.62 kB[22m[1m[22m[2m │ gzip:   1.56 kB[22m
[2m../../../../../NOMADI~1/AppData/Local/Temp/chromatic--18764-jZKMAo5fSjk8/[22m[36massets/preview-c56bf6ac.js                     [39m[1m[2m  8.28 kB[22m[1m[22m[2m │ gzip:   3.16 kB[22m
[2m../../../../../NOMADI~1/AppData/Local/Temp/chromatic--18764-jZKMAo5fSjk8/[22m[36massets/index-da07a199.js                       [39m[1m[2m 13.61 kB[22m[1m[22m[2m │ gzip:   5.08 kB[22m
[2m../../../../../NOMADI~1/AppData/Local/Temp/chromatic--18764-jZKMAo5fSjk8/[22m[36massets/Color-6VNJS4EI-8b00ca6c.js              [39m[1m[2m 17.64 kB[22m[1m[22m[2m │ gzip:   6.75 kB[22m
[2m../../../../../NOMADI~1/AppData/Local/Temp/chromatic--18764-jZKMAo5fSjk8/[22m[36massets/TaskList.stories-519fc11c.js            [39m[1m[2m 32.46 kB[22m[1m[22m[2m │ gzip:  12.08 kB[22m
[2m../../../../../NOMADI~1/AppData/Local/Temp/chromatic--18764-jZKMAo5fSjk8/[22m[36massets/preview-f8bdd522.js                     [39m[1m[2m 34.23 kB[22m[1m[22m[2m │ gzip:  13.36 kB[22m
[2m../../../../../NOMADI~1/AppData/Local/Temp/chromatic--18764-jZKMAo5fSjk8/[22m[36massets/preview-2d30111f.js                     [39m[1m[2m 72.16 kB[22m[1m[22m[2m │ gzip:  24.38 kB[22m
[2m../../../../../NOMADI~1/AppData/Local/Temp/chromatic--18764-jZKMAo5fSjk8/[22m[36massets/_getPrototype-1e53b583.js               [39m[1m[2m 78.40 kB[22m[1m[22m[2m │ gzip:  23.40 kB[22m
[2m../../../../../NOMADI~1/AppData/Local/Temp/chromatic--18764-jZKMAo5fSjk8/[22m[36massets/react-18-236157c6.js                    [39m[1m[2m134.55 kB[22m[1m[22m[2m │ gzip:  43.44 kB[22m
[2m../../../../../NOMADI~1/AppData/Local/Temp/chromatic--18764-jZKMAo5fSjk8/[22m[36massets/entry-preview-docs-24dc1f7d.js          [39m[1m[2m212.43 kB[22m[1m[22m[2m │ gzip:  65.85 kB[22m
[2m../../../../../NOMADI~1/AppData/Local/Temp/chromatic--18764-jZKMAo5fSjk8/[22m[36massets/index-03d05a58.js                       [39m[1m[2m375.25 kB[22m[1m[22m[2m │ gzip: 115.53 kB[22m
[2m../../../../../NOMADI~1/AppData/Local/Temp/chromatic--18764-jZKMAo5fSjk8/[22m[36massets/DocsRenderer-NNNQARDV-5b0afad7.js       [39m[1m[33m539.19 kB[39m[22m[2m │ gzip: 175.58 kB[22m
[2m../../../../../NOMADI~1/AppData/Local/Temp/chromatic--18764-jZKMAo5fSjk8/[22m[36massets/InboxScreen.stories-27a26a07.js         [39m[1m[33m563.38 kB[39m[22m[2m │ gzip: 148.88 kB[22m
[2m../../../../../NOMADI~1/AppData/Local/Temp/chromatic--18764-jZKMAo5fSjk8/[22m[36massets/axe-3e344d98.js                         [39m[1m[33m575.65 kB[39m[22m[2m │ gzip: 159.29 kB[22m
[2m../../../../../NOMADI~1/AppData/Local/Temp/chromatic--18764-jZKMAo5fSjk8/[22m[36massets/formatter-SWP5E3XI-852d044c.js          [39m[1m[33m601.64 kB[39m[22m[2m │ gzip: 185.03 kB[22m
[32m✓ built in 12.81s[39m
info => Preview built (14 s)
info => Output directory: C:\Users\NOMADI~1\AppData\Local\Temp\chromatic--18764-jZKMAo5fSjk8
Done in 17.52s.
